<?xml version="1.0" encoding="UTF-8"?>
<coverage generated="1780495947027" clover="3.2.0">
  <project timestamp="1780495947027" name="All files">
    <metrics statements="15" coveredstatements="15" conditionals="2" coveredconditionals="2" methods="3" coveredmethods="3" elements="20" coveredelements="20" complexity="0" loc="15" ncloc="15" packages="2" files="2" classes="2"/>
    <package name="src">
      <metrics statements="14" coveredstatements="14" conditionals="2" coveredconditionals="2" methods="3" coveredmethods="3"/>
      <file name="app.js" path="C:\Users\edgar.garzon\Desktop\version-control-web\src\app.js">
        <metrics statements="14" coveredstatements="14" conditionals="2" coveredconditionals="2" methods="3" coveredmethods="3"/>
        <line num="1" count="1" type="stmt"/>
        <line num="2" count="1" type="stmt"/>
        <line num="3" count="1" type="stmt"/>
        <line num="5" count="1" type="stmt"/>
        <line num="7" count="1" type="stmt"/>
        <line num="8" count="1" type="stmt"/>
        <line num="10" count="1" type="stmt"/>
        <line num="11" count="1" type="stmt"/>
        <line num="14" count="1" type="stmt"/>
        <line num="15" count="13" type="stmt"/>
        <line num="17" count="2" type="cond" truecount="2" falsecount="0"/>
        <line num="18" count="1" type="stmt"/>
        <line num="21" count="1" type="stmt"/>
        <line num="24" count="1" type="stmt"/>
      </file>
    </package>
    <package name="src.data">
      <metrics statements="1" coveredstatements="1" conditionals="0" coveredconditionals="0" methods="0" coveredmethods="0"/>
      <file name="topics.js" path="C:\Users\edgar.garzon\Desktop\version-control-web\src\data\topics.js">
        <metrics statements="1" coveredstatements="1" conditionals="0" coveredconditionals="0" methods="0" coveredmethods="0"/>
        <line num="1" count="1" type="stmt"/>
      </file>
    </package>
  </project>
</coverage>
